{
    "build_id": "63",
    "timestamp": "12/12/2025 15:29:56",
    "error_details": "============================= test session starts ==============================\nplatform linux -- Python 3.10.19, pytest-9.0.2, pluggy-1.6.0 -- /usr/local/bin/python3.10\ncachedir: .pytest_cache\nrootdir: /app\ncollecting ... collected 0 items\n\n============================ no tests ran in 0.77s =============================",
    "stack_trace": "File \"/app/tests/test_example.py\", line 45, in test_login\n    assert response.status_code == 200\nAssertionError: Expected 200 but got 500",
    "source_repo": "https://github.com/sivaparvathi-coastal7/QA_Garden",
    "test_name": "QA Garden Automated Tests",
    "status": "FAILED",
    "labels": [
        "bug",
        "auto-report",
        "playwright"
    ]
}